<?xml version="1.0" ?>
<coverage branch-rate="0.8678" branches-covered="4082" branches-valid="4704" complexity="0" line-rate="0.9382" lines-covered="22196" lines-valid="23659" timestamp="1537150643505" version="4.5.1">
	<!-- Generated by coverage.py: https://coverage.readthedocs.io -->
	<!-- Based on https://raw.githubusercontent.com/cobertura/web/master/htdocs/xml/coverage-04.dtd -->
	<sources>
		<source>/home/travis/build/pytest-dev/pytest</source>
		<source>/home/travis/build/pytest-dev/pytest/testing</source>
	</sources>
	<packages>
		<package branch-rate="0.8428" complexity="0" line-rate="0.9407" name=".">
			<classes>
				<class branch-rate="0.8333" complexity="0" filename="acceptance_test.py" line-rate="0.9825" name="acceptance_test.py">
					<methods/>
					<lines>
						<line hits="1" number="2"/>
						<line hits="1" number="3"/>
						<line hits="1" number="4"/>
						<line hits="1" number="5"/>
						<line hits="1" number="6"/>
						<line hits="1" number="8"/>
						<line hits="1" number="10"/>
						<line hits="1" number="11"/>
						<line hits="1" number="12"/>
						<line hits="1" number="15"/>
						<line hits="1" number="16"/>
						<line hits="1" number="17"/>
						<line hits="1" number="18"/>
						<line hits="1" number="19"/>
						<line hits="1" number="20"/>
						<line hits="1" number="22"/>
						<line hits="1" number="23"/>
						<line hits="1" number="24"/>
						<line hits="1" number="25"/>
						<line hits="1" number="26"/>
						<line hits="1" number="28"/>
						<line hits="1" number="29"/>
						<line hits="1" number="35"/>
						<line hits="1" number="36"/>
						<line hits="1" number="38"/>
						<line hits="1" number="41"/>
						<line hits="1" number="42"/>
						<line hits="1" number="44"/>
						<line hits="1" number="48"/>
						<line hits="1" number="49"/>
						<line hits="1" number="55"/>
						<line hits="1" number="56"/>
						<line hits="1" number="58"/>
						<line hits="1" number="62"/>
						<line hits="1" number="63"/>
						<line hits="1" number="64"/>
						<line hits="1" number="65"/>
						<line hits="1" number="67"/>
						<line hits="1" number="68"/>
						<line hits="1" number="76"/>
						<line hits="1" number="77"/>
						<line hits="1" number="78"/>
						<line hits="1" number="79"/>
						<line hits="1" number="81"/>
						<line hits="1" number="82"/>
						<line hits="1" number="88"/>
						<line hits="1" number="94"/>
						<line hits="1" number="95"/>
						<line hits="1" number="96"/>
						<line hits="1" number="98"/>
						<line hits="1" number="99"/>
						<line hits="1" number="106"/>
						<line hits="1" number="107"/>
						<line hits="1" number="108"/>
						<line hits="1" number="110"/>
						<line hits="1" number="111"/>
						<line hits="1" number="118"/>
						<line hits="1" number="119"/>
						<line hits="1" number="120"/>
						<line hits="1" number="127"/>
						<line hits="1" number="129"/>
						<line hits="1" number="130"/>
						<line hits="1" number="131"/>
						<line hits="1" number="132"/>
						<line hits="1" number="133"/>
						<line hits="1" number="134"/>
						<line hits="1" number="136"/>
						<line hits="1" number="137"/>
						<line hits="1" number="138"/>
						<line hits="1" number="139"/>
						<line hits="1" number="140"/>
						<line hits="1" number="146"/>
						<line hits="1" number="147"/>
						<line hits="1" number="153"/>
						<line hits="1" number="154"/>
						<line hits="1" number="155"/>
						<line hits="1" number="162"/>
						<line hits="1" number="163"/>
						<line hits="1" number="164"/>
						<line hits="1" number="166"/>
						<line hits="1" number="167"/>
						<line hits="1" number="168"/>
						<line hits="1" number="169"/>
						<line hits="1" number="170"/>
						<line hits="1" number="172"/>
						<line hits="1" number="173"/>
						<line hits="1" number="180"/>
						<line hits="1" number="181"/>
						<line hits="1" number="182"/>
						<line hits="1" number="183"/>
						<line hits="1" number="185"/>
						<line hits="1" number="186"/>
						<line hits="1" number="192"/>
						<line hits="1" number="193"/>
						<line hits="1" number="194"/>
						<line hits="1" number="196"/>
						<line hits="1" number="201"/>
						<line hits="1" number="202"/>
						<line hits="1" number="203"/>
						<line hits="1" number="216"/>
						<line hits="1" number="217"/>
						<line hits="1" number="219"/>
						<line hits="1" number="220"/>
						<line hits="1" number="221"/>
						<line hits="1" number="222"/>
						<line hits="1" number="223"/>
						<line hits="1" number="224"/>
						<line hits="1" number="225"/>
						<line hits="1" number="226"/>
						<line hits="1" number="227"/>
						<line hits="1" number="228"/>
						<line hits="1" number="229"/>
						<line hits="1" number="230"/>
						<line hits="1" number="232"/>
						<line hits="1" number="233"/>
						<line hits="1" number="240"/>
						<line hits="1" number="241"/>
						<line hits="1" number="242"/>
						<line hits="1" number="243"/>
						<line hits="1" number="245"/>
						<line hits="1" number="246"/>
						<line hits="1" number="260"/>
						<line hits="1" number="261"/>
						<line hits="1" number="262"/>
						<line hits="1" number="264"/>
						<line hits="1" number="265"/>
						<line hits="1" number="277"/>
						<line hits="1" number="278"/>
						<line hits="1" number="279"/>
						<line hits="1" number="280"/>
						<line hits="1" number="282"/>
						<line hits="1" number="283"/>
						<line hits="1" number="292"/>
						<line hits="1" number="293"/>
						<line hits="1" number="294"/>
						<line hits="1" number="296"/>
						<line hits="1" number="297"/>
						<line hits="1" number="303"/>
						<line hits="1" number="304"/>
						<line hits="1" number="305"/>
						<line hits="1" number="307"/>
						<line hits="1" number="308"/>
						<line branch="true" condition-coverage="100% (2/2)" hits="1" number="310"/>
						<line branch="true" condition-coverage="100% (2/2)" hits="1" number="311"/>
						<line hits="1" number="312"/>
						<line hits="1" number="314"/>
						<line hits="1" number="315"/>
						<line hits="1" number="321"/>
						<line hits="1" number="322"/>
						<line hits="1" number="323"/>
						<line hits="1" number="324"/>
						<line hits="1" number="326"/>
						<line hits="1" number="328"/>
						<line hits="1" number="334"/>
						<line hits="1" number="335"/>
						<line branch="true" condition-coverage="50% (1/2)" hits="1" missing-branches="exit" number="336"/>
						<line hits="1" number="337"/>
						<line hits="1" number="338"/>
						<line hits="1" number="340"/>
						<line hits="1" number="341"/>
						<line hits="1" number="342"/>
						<line hits="1" number="343"/>
						<line hits="1" number="345"/>
						<line hits="1" number="355"/>
						<line hits="1" number="356"/>
						<line hits="1" number="368"/>
						<line hits="1" number="369"/>
						<line hits="1" number="371"/>
						<line hits="1" number="372"/>
						<line hits="1" number="373"/>
						<line hits="1" number="379"/>
						<line hits="1" number="380"/>
						<line hits="1" number="381"/>
						<line hits="1" number="393"/>
						<line hits="1" number="394"/>
						<line hits="1" number="398"/>
						<line hits="1" number="403"/>
						<line hits="1" number="404"/>
						<line hits="1" number="405"/>
						<line hits="1" number="407"/>
						<line hits="1" number="408"/>
						<line hits="1" number="409"/>
						<line hits="1" number="410"/>
						<line hits="1" number="411"/>
						<line hits="1" number="413"/>
						<line hits="1" number="414"/>
						<line hits="1" number="423"/>
						<line hits="1" number="424"/>
						<line hits="1" number="426"/>
						<line hits="1" number="428"/>
						<line hits="1" number="438"/>
						<line hits="1" number="439"/>
						<line hits="1" number="442"/>
						<line hits="1" number="443"/>
						<line hits="1" number="444"/>
						<line hits="1" number="450"/>
						<line hits="1" number="451"/>
						<line hits="1" number="453"/>
						<line branch="true" condition-coverage="100% (2/2)" hits="1" number="455"/>
						<line hits="1" number="456"/>
						<line hits="1" number="457"/>
						<line hits="1" number="458"/>
						<line hits="1" number="459"/>
						<line hits="1" number="461"/>
						<line hits="1" number="462"/>
						<line hits="1" number="475"/>
						<line hits="1" number="476"/>
						<line hits="1" number="478"/>
						<line hits="1" number="479"/>
						<line hits="1" number="489"/>
						<line hits="1" number="490"/>
						<line hits="1" number="492"/>
						<line hits="1" number="493"/>
						<line hits="1" number="500"/>
						<line hits="1" number="506"/>
						<line hits="1" number="507"/>
						<line hits="1" number="509"/>
						<line hits="1" number="510"/>
						<line hits="1" number="511"/>
						<line hits="1" number="512"/>
						<line hits="1" number="514"/>
						<line hits="1" number="515"/>
						<line hits="1" number="516"/>
						<line hits="1" number="517"/>
						<line hits="1" number="519"/>
						<line hits="1" number="520"/>
						<line hits="1" number="521"/>
						<line hits="1" number="522"/>
						<line hits="1" number="523"/>
						<line hits="1" number="525"/>
						<line hits="1" number="526"/>
						<line hits="1" number="528"/>
						<line hits="1" number="529"/>
						<line hits="1" number="530"/>
						<line hits="1" number="531"/>
						<line hits="1" number="532"/>
						<line branch="true" condition-coverage="100% (2/2)" hits="1" number="533"/>
						<line hits="1" number="535"/>
						<line hits="1" number="536"/>
						<line hits="1" number="537"/>
						<line hits="1" number="538"/>
						<line hits="1" number="540"/>
						<line hits="1" number="541"/>
						<line hits="1" number="542"/>
						<line hits="1" number="543"/>
						<line hits="1" number="545"/>
						<line hits="1" number="546"/>
						<line hits="1" number="547"/>
						<line hits="1" number="549"/>
						<line hits="1" number="550"/>
						<line hits="1" number="551"/>
						<line hits="1" number="552"/>
						<line hits="1" number="554"/>
						<line hits="1" number="555"/>
						<line hits="1" number="557"/>
						<line hits="1" number="559"/>
						<line hits="1" number="560"/>
						<line hits="1" number="562"/>
						<line hits="1" number="563"/>
						<line hits="1" number="564"/>
						<line hits="1" number="565"/>
						<line hits="1" number="566"/>
						<line hits="1" number="567"/>
						<line hits="1" number="568"/>
						<line hits="1" number="569"/>
						<line hits="1" number="570"/>
						<line hits="1" number="571"/>
						<line hits="1" number="573"/>
						<line hits="1" number="574"/>
						<line branch="true" condition-coverage="100% (2/2)" hits="1" number="575"/>
						<line hits="1" number="576"/>
						<line hits="1" number="577"/>
						<line hits="1" number="579"/>
						<line hits="1" number="580"/>
						<line hits="1" number="583"/>
						<line hits="1" number="584"/>
						<line hits="1" number="585"/>
						<line hits="1" number="586"/>
						<line hits="1" number="587"/>
						<line hits="1" number="589"/>
						<line hits="1" number="590"/>
						<line hits="1" number="591"/>
						<line hits="1" number="592"/>
						<line hits="1" number="594"/>
						<line hits="1" number="598"/>
						<line hits="1" number="600"/>
						<line branch="true" condition-coverage="100% (2/2)" hits="1" number="601"/>
						<line hits="1" number="602"/>
						<line hits="1" number="603"/>
						<line hits="1" number="604"/>
						<line hits="1" number="605"/>
						<line hits="1" number="608"/>
						<line hits="1" number="609"/>
						<line hits="1" number="610"/>
						<line hits="1" number="629"/>
						<line hits="1" number="630"/>
						<line branch="true" condition-coverage="50% (1/2)" hits="1" missing-branches="632" number="631"/>
						<line hits="0" number="632"/>
						<line branch="true" condition-coverage="100% (2/2)" hits="1" number="633"/>
						<line hits="1" number="635"/>
						<line branch="true" condition-coverage="100% (2/2)" hits="1" number="636"/>
						<line hits="1" number="637"/>
						<line hits="1" number="640"/>
						<line hits="1" number="641"/>
						<line hits="1" number="642"/>
						<line hits="1" number="643"/>
						<line hits="1" number="654"/>
						<line hits="1" number="655"/>
						<line hits="1" number="658"/>
						<line hits="1" number="659"/>
						<line hits="1" number="663"/>
						<line hits="1" number="664"/>
						<line hits="1" number="670"/>
						<line hits="1" number="671"/>
						<line hits="1" number="673"/>
						<line branch="true" condition-coverage="50% (1/2)" hits="1" missing-branches="682" number="681"/>
						<line hits="0" number="682"/>
						<line hits="0" number="683"/>
						<line hits="0" number="687"/>
						<line hits="0" number="688"/>
						<line hits="1" number="689"/>
						<line hits="1" number="691"/>
						<line hits="1" number="693"/>
						<line hits="1" number="694"/>
						<line hits="1" number="695"/>
						<line hits="1" number="696"/>
						<line hits="1" number="697"/>
						<line hits="1" number="698"/>
						<line hits="1" number="699"/>
						<line hits="1" number="702"/>
						<line hits="1" number="706"/>
						<line hits="1" number="707"/>
						<line branch="true" condition-coverage="50% (1/2)" hits="1" missing-branches="709" number="708"/>
						<line hits="0" number="709"/>
						<line hits="1" number="711"/>
						<line hits="1" number="725"/>
						<line hits="1" number="726"/>
						<line branch="true" condition-coverage="50% (1/2)" hits="1" missing-branches="728" number="727"/>
						<line hits="0" number="728"/>
						<line branch="true" condition-coverage="100% (2/2)" hits="1" number="729"/>
						<line hits="1" number="731"/>
						<line branch="true" condition-coverage="100% (2/2)" hits="1" number="732"/>
						<line hits="1" number="733"/>
						<line hits="1" number="736"/>
						<line hits="1" number="737"/>
						<line hits="1" number="738"/>
						<line hits="1" number="739"/>
						<line hits="1" number="747"/>
						<line hits="1" number="748"/>
						<line hits="1" number="749"/>
						<line hits="1" number="750"/>
						<line hits="1" number="752"/>
						<line hits="1" number="754"/>
						<line hits="1" number="765"/>
						<line hits="1" number="766"/>
						<line hits="1" number="768"/>
						<line hits="1" number="769"/>
						<line hits="1" number="777"/>
						<line hits="1" number="778"/>
						<line branch="true" condition-coverage="50% (1/2)" hits="1" missing-branches="783" number="779"/>
						<line branch="true" condition-coverage="100% (2/2)" hits="1" number="780"/>
						<line hits="1" number="781"/>
						<line hits="1" number="782"/>
						<line hits="1" number="783"/>
						<line hits="1" number="784"/>
						<line hits="1" number="786"/>
						<line hits="1" number="788"/>
						<line hits="1" number="790"/>
						<line hits="1" number="795"/>
						<line hits="1" number="797"/>
						<line hits="1" number="800"/>
						<line hits="1" number="801"/>
						<line hits="1" number="814"/>
						<line hits="1" number="815"/>
						<line hits="1" number="816"/>
						<line hits="1" number="817"/>
						<line hits="1" number="818"/>
						<line hits="1" number="822"/>
						<line hits="1" number="823"/>
						<line hits="1" number="824"/>
						<line hits="1" number="825"/>
						<line hits="1" number="826"/>
						<line hits="1" number="827"/>
						<line hits="1" number="829"/>
						<line hits="1" number="830"/>
						<line hits="1" number="831"/>
						<line hits="1" number="832"/>
						<line branch="true" condition-coverage="100% (2/2)" hits="1" number="833"/>
						<line branch="true" condition-coverage="100% (2/2)" hits="1" number="834"/>
						<line branch="true" condition-coverage="50% (1/2)" hits="1" missing-branches="839" number="835"/>
						<line branch="true" condition-coverage="100% (2/2)" hits="1" number="836"/>
						<line hits="1" number="837"/>
						<line hits="0" number="839"/>
						<line hits="1" number="841"/>
						<line hits="1" number="842"/>
						<line hits="1" number="843"/>
						<line hits="1" number="844"/>
						<line hits="1" number="845"/>
						<line hits="1" number="847"/>
						<line hits="1" number="848"/>
						<line hits="1" number="849"/>
						<line hits="1" number="850"/>
						<line hits="1" number="851"/>
						<line hits="1" number="852"/>
						<line hits="1" number="855"/>
						<line hits="1" number="857"/>
						<line hits="1" number="858"/>
						<line hits="1" number="859"/>
						<line hits="1" number="860"/>
						<line hits="1" number="863"/>
						<line hits="1" number="864"/>
						<line hits="1" number="875"/>
						<line hits="1" number="876"/>
						<line hits="1" number="877"/>
						<line hits="1" number="878"/>
						<line hits="1" number="880"/>
						<line hits="1" number="889"/>
						<line hits="1" number="891"/>
						<line hits="1" number="892"/>
						<line hits="1" number="893"/>
						<line hits="1" number="902"/>
						<line hits="1" number="903"/>
						<line hits="1" number="904"/>
						<line hits="1" number="905"/>
						<line hits="1" number="906"/>
						<line hits="1" number="907"/>
						<line hits="1" number="910"/>
						<line hits="1" number="911"/>
						<line hits="1" number="912"/>
						<line hits="1" number="917"/>
						<line hits="1" number="922"/>
						<line hits="1" number="923"/>
						<line hits="1" number="926"/>
						<line hits="1" number="930"/>
						<line hits="1" number="931"/>
						<line hits="1" number="952"/>
						<line hits="1" number="953"/>
						<line hits="1" number="956"/>
						<line hits="1" number="960"/>
						<line hits="1" number="997"/>
						<line hits="1" number="998"/>
						<line hits="1" number="1001"/>
						<line hits="1" number="1004"/>
						<line hits="1" number="1023"/>
						<line hits="1" number="1024"/>
						<line hits="1" number="1027"/>
						<line hits="1" number="1034"/>
						<line hits="1" number="1055"/>
						<line hits="1" number="1056"/>
						<line hits="1" number="1059"/>
						<line hits="1" number="1061"/>
						<line hits="1" number="1062"/>
						<line hits="1" number="1063"/>
						<line hits="1" number="1066"/>
						<line hits="1" number="1067"/>
						<line hits="1" number="1068"/>
					</lines>
				</class>
				<class branch-rate="1" complexity="0" filename="deprecated_test.py" line-rate="0.9907" name="deprecated_test.py">
					<methods/>
					<lines>
						<line hits="1" number="1"/>
						<line hits="1" number="3"/>
						<line hits="1" number="5"/>
						<line hits="1" number="8"/>
						<line hits="1" number="10"/>
						<line hits="1" number="22"/>
						<line hits="1" number="23"/>
						<line hits="1" number="30"/>
						<line hits="1" number="33"/>
						<line hits="1" number="35"/>
						<line hits="1" number="44"/>
						<line hits="1" number="45"/>
						<line hits="1" number="56"/>
						<line hits="1" number="58"/>
						<line hits="1" number="65"/>
						<line hits="1" number="66"/>
						<line hits="1" number="71"/>
						<line hits="1" number="73"/>
						<line hits="1" number="80"/>
						<line hits="1" number="81"/>
						<line hits="1" number="86"/>
						<line hits="1" number="88"/>
						<line hits="1" number="90"/>
						<line hits="1" number="92"/>
						<line hits="1" number="93"/>
						<line hits="1" number="94"/>
						<line hits="1" number="96"/>
						<line hits="1" number="97"/>
						<line hits="1" number="101"/>
						<line hits="1" number="102"/>
						<line hits="1" number="105"/>
						<line hits="1" number="106"/>
						<line hits="1" number="109"/>
						<line hits="1" number="111"/>
						<line hits="1" number="112"/>
						<line hits="1" number="114"/>
						<line hits="1" number="120"/>
						<line hits="1" number="121"/>
						<line hits="1" number="129"/>
						<line hits="1" number="131"/>
						<line hits="1" number="140"/>
						<line hits="1" number="141"/>
						<line hits="1" number="142"/>
						<line hits="1" number="147"/>
						<line hits="1" number="151"/>
						<line hits="1" number="152"/>
						<line hits="0" number="154"/>
						<line hits="1" number="155"/>
						<line hits="1" number="156"/>
						<line hits="1" number="157"/>
						<line hits="1" number="158"/>
						<line hits="1" number="161"/>
						<line hits="1" number="163"/>
						<line hits="1" number="171"/>
						<line hits="1" number="172"/>
						<line hits="1" number="173"/>
						<line hits="1" number="178"/>
						<line hits="1" number="179"/>
						<line hits="1" number="181"/>
						<line hits="1" number="182"/>
						<line hits="1" number="184"/>
						<line hits="1" number="189"/>
						<line hits="1" number="191"/>
						<line hits="1" number="197"/>
						<line hits="1" number="203"/>
						<line hits="1" number="204"/>
						<line hits="1" number="205"/>
						<line hits="1" number="206"/>
						<line hits="1" number="213"/>
						<line hits="1" number="216"/>
						<line hits="1" number="218"/>
						<line hits="1" number="219"/>
						<line hits="1" number="220"/>
						<line hits="1" number="227"/>
						<line hits="1" number="229"/>
						<line hits="1" number="236"/>
						<line hits="1" number="237"/>
						<line hits="1" number="238"/>
						<line hits="1" number="239"/>
						<line hits="1" number="246"/>
						<line hits="1" number="249"/>
						<line hits="1" number="251"/>
						<line hits="1" number="252"/>
						<line hits="1" number="253"/>
						<line hits="1" number="258"/>
						<line hits="1" number="260"/>
						<line hits="1" number="267"/>
						<line hits="1" number="273"/>
						<line hits="1" number="274"/>
						<line hits="1" number="275"/>
						<line hits="1" number="276"/>
						<line hits="1" number="279"/>
						<line hits="1" number="282"/>
						<line hits="1" number="284"/>
						<line hits="1" number="286"/>
						<line hits="1" number="287"/>
						<line hits="1" number="290"/>
						<line hits="1" number="291"/>
						<line hits="1" number="292"/>
						<line hits="1" number="294"/>
						<line hits="1" number="297"/>
						<line hits="1" number="298"/>
						<line hits="1" number="300"/>
						<line hits="1" number="302"/>
						<line hits="1" number="304"/>
						<line hits="1" number="305"/>
						<line hits="1" number="306"/>
						<line hits="1" number="307"/>
					</lines>
				</class>
				<class branch-rate="0.4688" complexity="0" filename="test_argcomplete.py" line-rate="0.7344" name="test_argcomplete.py">
					<methods/>
					<lines>
						<line hits="1" number="1"/>
						<line hits="1" number="2"/>
						<line hits="1" number="3"/>
						<line hits="1" number="4"/>
						<line hits="1" number="9"/>
						<line hits="1" number="10"/>
						<line hits="1" number="11"/>
						<line hits="1" number="12"/>
						<line branch="true" condition-coverage="50% (1/2)" hits="1" missing-branches="18" number="13"/>
						<line hits="1" number="14"/>
						<line branch="true" condition-coverage="100% (2/2)" hits="1" number="15"/>
						<line hits="1" number="16"/>
						<line hits="1" number="17"/>
						<line hits="1" number="18"/>
						<line hits="1" number="26"/>
						<line hits="1" number="27"/>
						<line branch="true" condition-coverage="50% (1/2)" hits="1" missing-branches="30" number="28"/>
						<line hits="1" number="29"/>
						<line branch="true" condition-coverage="0% (0/2)" hits="0" missing-branches="31,32" number="30"/>
						<line hits="0" number="31"/>
						<line hits="0" number="32"/>
						<line hits="0" number="33"/>
						<line hits="0" number="34"/>
						<line branch="true" condition-coverage="0% (0/2)" hits="0" missing-branches="36,40" number="35"/>
						<line hits="0" number="36"/>
						<line branch="true" condition-coverage="0% (0/2)" hits="0" missing-branches="38,39" number="37"/>
						<line hits="0" number="38"/>
						<line hits="0" number="39"/>
						<line hits="0" number="40"/>
						<line hits="1" number="41"/>
						<line hits="1" number="42"/>
						<line hits="1" number="45"/>
						<line hits="1" number="48"/>
						<line branch="true" condition-coverage="50% (1/2)" hits="1" missing-branches="51" number="50"/>
						<line hits="0" number="51"/>
						<line branch="true" condition-coverage="100% (2/2)" hits="1" number="53"/>
						<line hits="1" number="54"/>
						<line hits="1" number="56"/>
						<line hits="1" number="57"/>
						<line branch="true" condition-coverage="50% (1/2)" hits="1" missing-branches="59" number="58"/>
						<line branch="true" condition-coverage="0% (0/2)" hits="0" missing-branches="60,64" number="59"/>
						<line hits="0" number="60"/>
						<line branch="true" condition-coverage="0% (0/2)" hits="0" missing-branches="exit,64" number="63"/>
						<line branch="true" condition-coverage="0% (0/2)" hits="0" missing-branches="65,85" number="64"/>
						<line hits="0" number="65"/>
						<line hits="1" number="73"/>
						<line hits="1" number="77"/>
						<line hits="1" number="81"/>
						<line branch="true" condition-coverage="50% (1/2)" hits="1" missing-branches="85" number="83"/>
						<line branch="true" condition-coverage="100% (2/2)" hits="1" number="84"/>
						<line hits="1" number="85"/>
						<line hits="1" number="88"/>
						<line hits="1" number="89"/>
						<line hits="1" number="91"/>
						<line hits="1" number="93"/>
						<line hits="1" number="94"/>
						<line branch="true" condition-coverage="100% (2/2)" hits="1" number="95"/>
						<line hits="1" number="96"/>
						<line hits="1" number="98"/>
						<line hits="1" number="103"/>
						<line hits="1" number="105"/>
						<line hits="1" number="106"/>
						<line branch="true" condition-coverage="100% (2/2)" hits="1" number="107"/>
						<line hits="1" number="108"/>
					</lines>
				</class>
				<class branch-rate="0.75" complexity="0" filename="test_assertion.py" line-rate="0.9447" name="test_assertion.py">
					<methods/>
					<lines>
						<line hits="1" number="2"/>
						<line hits="1" number="3"/>
						<line hits="1" number="4"/>
						<line hits="1" number="6"/>
						<line hits="1" number="7"/>
						<line hits="1" number="8"/>
						<line hits="1" number="9"/>
						<line hits="1" number="10"/>
						<line hits="1" number="11"/>
						<line hits="1" number="13"/>
						<line hits="1" number="16"/>
						<line hits="1" number="17"/>
						<line hits="1" number="18"/>
						<line hits="1" number="20"/>
						<line branch="true" condition-coverage="50% (1/2)" hits="1" missing-branches="23" number="21"/>
						<line hits="1" number="22"/>
						<line hits="0" number="23"/>
						<line hits="1" number="25"/>
						<line hits="1" number="28"/>
						<line hits="1" number="29"/>
						<line hits="1" number="30"/>
						<line hits="1" number="35"/>
						<line hits="1" number="36"/>
						<line hits="1" number="37"/>
						<line hits="1" number="51"/>
						<line hits="1" number="52"/>
						<line branch="true" condition-coverage="100% (2/2)" hits="1" number="53"/>
						<line hits="1" number="54"/>
						<line branch="true" condition-coverage="50% (1/2)" hits="1" missing-branches="58" number="55"/>
						<line hits="1" number="56"/>
						<line hits="0" number="58"/>
						<line hits="1" number="59"/>
						<line hits="1" number="61"/>
						<line hits="1" number="66"/>
						<line hits="1" number="75"/>
						<line hits="1" number="76"/>
						<line hits="1" number="78"/>
						<line hits="1" number="80"/>
						<line hits="1" number="97"/>
						<line hits="1" number="98"/>
						<line branch="true" condition-coverage="100% (2/2)" hits="1" number="99"/>
						<line hits="1" number="100"/>
						<line branch="true" condition-coverage="50% (1/2)" hits="1" missing-branches="104" number="101"/>
						<line hits="1" number="102"/>
						<line hits="0" number="104"/>
						<line hits="1" number="105"/>
						<line hits="1" number="107"/>
						<line hits="1" number="113"/>
						<line hits="1" number="114"/>
						<line hits="1" number="128"/>
						<line hits="1" number="129"/>
						<line hits="1" number="130"/>
						<line hits="1" number="132"/>
						<line hits="1" number="134"/>
						<line hits="1" number="146"/>
						<line hits="1" number="147"/>
						<line hits="1" number="148"/>
						<line hits="1" number="150"/>
						<line hits="1" number="151"/>
						<line hits="1" number="155"/>
						<line hits="1" number="156"/>
						<line hits="1" number="223"/>
						<line hits="1" number="224"/>
						<line branch="true" condition-coverage="100% (2/2)" hits="1" number="227"/>
						<line hits="1" number="228"/>
						<line branch="true" condition-coverage="50% (1/2)" hits="1" missing-branches="232" number="229"/>
						<line hits="1" number="230"/>
						<line hits="0" number="232"/>
						<line hits="1" number="233"/>
						<line hits="1" number="235"/>
						<line hits="1" number="236"/>
						<line hits="1" number="237"/>
						<line hits="1" number="269"/>
						<line hits="1" number="270"/>
						<line hits="1" number="271"/>
						<line hits="1" number="280"/>
						<line hits="1" number="281"/>
						<line hits="1" number="282"/>
						<line hits="1" number="283"/>
						<line hits="1" number="288"/>
						<line hits="1" number="289"/>
						<line hits="1" number="290"/>
						<line hits="1" number="302"/>
						<line hits="1" number="310"/>
						<line hits="1" number="311"/>
						<line hits="1" number="314"/>
						<line hits="1" number="315"/>
						<line hits="1" number="316"/>
						<line hits="1" number="317"/>
						<line hits="1" number="320"/>
						<line hits="1" number="321"/>
						<line hits="1" number="322"/>
						<line hits="1" number="324"/>
						<line hits="1" number="325"/>
						<line hits="1" number="326"/>
						<line hits="1" number="328"/>
						<line hits="1" number="329"/>
						<line hits="1" number="330"/>
						<line hits="1" number="331"/>
						<line hits="1" number="333"/>
						<line hits="1" number="334"/>
						<line hits="1" number="335"/>
						<line branch="true" condition-coverage="100% (2/2)" hits="1" number="336"/>
						<line hits="1" number="337"/>
						<line hits="1" number="339"/>
						<line hits="1" number="340"/>
						<line hits="1" number="341"/>
						<line hits="1" number="342"/>
						<line hits="1" number="344"/>
						<line hits="1" number="345"/>
						<line hits="1" number="346"/>
						<line hits="1" number="347"/>
						<line hits="1" number="348"/>
						<line hits="1" number="349"/>
						<line hits="1" number="351"/>
						<line hits="1" number="352"/>
						<line hits="1" number="353"/>
						<line hits="1" number="355"/>
						<line hits="1" number="407"/>
						<line hits="1" number="408"/>
						<line hits="1" number="409"/>
						<line hits="1" number="410"/>
						<line hits="1" number="412"/>
						<line hits="1" number="413"/>
						<line hits="1" number="414"/>
						<line hits="1" number="415"/>
						<line hits="1" number="416"/>
						<line hits="1" number="418"/>
						<line hits="1" number="419"/>
						<line hits="1" number="420"/>
						<line hits="1" number="422"/>
						<line hits="1" number="423"/>
						<line hits="1" number="424"/>
						<line hits="1" number="425"/>
						<line branch="true" condition-coverage="100% (2/2)" hits="1" number="426"/>
						<line hits="1" number="427"/>
						<line hits="1" number="429"/>
						<line hits="1" number="431"/>
						<line hits="1" number="432"/>
						<line hits="1" number="433"/>
						<line hits="1" number="434"/>
						<line hits="1" number="435"/>
						<line hits="1" number="437"/>
						<line hits="1" number="438"/>
						<line hits="1" number="439"/>
						<line hits="1" number="440"/>
						<line hits="1" number="441"/>
						<line hits="1" number="443"/>
						<line hits="1" number="444"/>
						<line hits="1" number="445"/>
						<line hits="1" number="447"/>
						<line hits="1" number="448"/>
						<line hits="1" number="449"/>
						<line hits="1" number="451"/>
						<line hits="1" number="452"/>
						<line branch="true" condition-coverage="50% (1/2)" hits="1" missing-branches="454" number="453"/>
						<line hits="0" number="454"/>
						<line hits="1" number="455"/>
						<line hits="1" number="457"/>
						<line hits="1" number="458"/>
						<line hits="1" number="459"/>
						<line hits="1" number="461"/>
						<line hits="1" number="462"/>
						<line hits="1" number="464"/>
						<line hits="1" number="465"/>
						<line hits="1" number="467"/>
						<line hits="0" number="468"/>
						<line hits="1" number="470"/>
						<line hits="0" number="471"/>
						<line hits="1" number="473"/>
						<line hits="0" number="474"/>
						<line hits="1" number="476"/>
						<line hits="1" number="477"/>
						<line hits="1" number="479"/>
						<line hits="1" number="480"/>
						<line hits="1" number="481"/>
						<line hits="1" number="482"/>
						<line hits="1" number="483"/>
						<line hits="1" number="485"/>
						<line hits="1" number="486"/>
						<line hits="1" number="487"/>
						<line hits="1" number="488"/>
						<line hits="1" number="490"/>
						<line hits="1" number="491"/>
						<line hits="1" number="492"/>
						<line hits="1" number="493"/>
						<line hits="1" number="495"/>
						<line hits="1" number="501"/>
						<line hits="1" number="502"/>
						<line hits="1" number="503"/>
						<line hits="1" number="505"/>
						<line hits="1" number="506"/>
						<line hits="1" number="508"/>
						<line hits="1" number="509"/>
						<line hits="1" number="510"/>
						<line hits="1" number="512"/>
						<line hits="1" number="513"/>
						<line hits="1" number="514"/>
						<line hits="1" number="515"/>
						<line hits="1" number="516"/>
						<line hits="1" number="517"/>
						<line hits="1" number="518"/>
						<line hits="1" number="520"/>
						<line hits="1" number="526"/>
						<line hits="1" number="527"/>
						<line hits="1" number="528"/>
						<line hits="1" number="530"/>
						<line hits="1" number="531"/>
						<line hits="1" number="533"/>
						<line hits="1" number="534"/>
						<line hits="1" number="536"/>
						<line hits="1" number="538"/>
						<line hits="1" number="539"/>
						<line branch="true" condition-coverage="50% (1/2)" hits="1" missing-branches="543" number="540"/>
						<line hits="1" number="541"/>
						<line hits="1" number="542"/>
						<line hits="1" number="543"/>
						<line branch="true" condition-coverage="100% (2/2)" hits="1" number="544"/>
						<line hits="1" number="545"/>
						<line hits="1" number="546"/>
						<line hits="1" number="547"/>
						<line hits="1" number="550"/>
						<line hits="1" number="551"/>
						<line hits="1" number="553"/>
						<line hits="1" number="559"/>
						<line hits="1" number="560"/>
						<line hits="1" number="561"/>
						<line hits="1" number="563"/>
						<line hits="1" number="564"/>
						<line hits="1" number="565"/>
						<line hits="1" number="567"/>
						<line hits="1" number="568"/>
						<line hits="1" number="569"/>
						<line hits="1" number="570"/>
						<line hits="1" number="572"/>
						<line hits="1" number="573"/>
						<line hits="1" number="574"/>
						<line hits="1" number="575"/>
						<line hits="1" number="577"/>
						<line hits="1" number="578"/>
						<line hits="1" number="579"/>
						<line hits="1" number="580"/>
						<line hits="1" number="582"/>
						<line hits="1" number="583"/>
						<line hits="1" number="584"/>
						<line hits="1" number="585"/>
						<line hits="1" number="587"/>
						<line hits="1" number="588"/>
						<line hits="1" number="589"/>
						<line hits="1" number="590"/>
						<line hits="1" number="592"/>
						<line hits="1" number="593"/>
						<line hits="1" number="603"/>
						<line hits="1" number="611"/>
						<line hits="1" number="613"/>
						<line hits="1" number="614"/>
						<line hits="1" number="625"/>
						<line hits="1" number="634"/>
						<line hits="1" number="637"/>
						<line hits="1" number="643"/>
						<line hits="1" number="645"/>
						<line hits="1" number="646"/>
						<line hits="1" number="647"/>
						<line hits="1" number="648"/>
						<line hits="1" number="650"/>
						<line branch="true" condition-coverage="100% (2/2)" hits="1" number="651"/>
						<line hits="1" number="652"/>
						<line hits="1" number="653"/>
						<line hits="1" number="655"/>
						<line branch="true" condition-coverage="100% (2/2)" hits="1" number="656"/>
						<line hits="1" number="657"/>
						<line hits="1" number="658"/>
						<line hits="1" number="659"/>
						<line hits="1" number="660"/>
						<line hits="1" number="661"/>
						<line hits="1" number="662"/>
						<line hits="1" number="663"/>
						<line hits="1" number="665"/>
						<line branch="true" condition-coverage="100% (2/2)" hits="1" number="666"/>
						<line hits="1" number="667"/>
						<line hits="1" number="668"/>
						<line hits="1" number="669"/>
						<line hits="1" number="670"/>
						<line hits="1" number="671"/>
						<line hits="1" number="672"/>
						<line hits="1" number="673"/>
						<line hits="1" number="675"/>
						<line branch="true" condition-coverage="100% (2/2)" hits="1" number="676"/>
						<line hits="1" number="677"/>
						<line hits="1" number="678"/>
						<line hits="1" number="679"/>
						<line hits="1" number="680"/>
						<line hits="1" number="681"/>
						<line hits="1" number="682"/>
						<line hits="1" number="683"/>
						<line hits="1" number="685"/>
						<line branch="true" condition-coverage="100% (2/2)" hits="1" number="686"/>
						<line hits="1" number="687"/>
						<line hits="1" number="688"/>
						<line hits="1" number="689"/>
						<line hits="1" number="690"/>
						<line hits="1" number="691"/>
						<line hits="1" number="692"/>
						<line hits="1" number="693"/>
						<line hits="1" number="695"/>
						<line branch="true" condition-coverage="100% (2/2)" hits="1" number="696"/>
						<line hits="1" number="697"/>
						<line hits="1" number="698"/>
						<line hits="1" number="699"/>
						<line hits="1" number="700"/>
						<line hits="1" number="701"/>
						<line hits="1" number="702"/>
						<line hits="1" number="703"/>
						<line hits="1" number="705"/>
						<line hits="1" number="708"/>
						<line hits="1" number="709"/>
						<line hits="1" number="710"/>
						<line hits="1" number="711"/>
						<line hits="1" number="722"/>
						<line hits="1" number="724"/>
						<line hits="1" number="726"/>
						<line hits="1" number="735"/>
						<line hits="1" number="736"/>
						<line hits="1" number="738"/>
						<line hits="1" number="739"/>
						<line hits="1" number="740"/>
						<line hits="1" number="743"/>
						<line hits="1" number="744"/>
						<line hits="1" number="751"/>
						<line hits="1" number="752"/>
						<line hits="1" number="753"/>
						<line hits="1" number="761"/>
						<line hits="1" number="762"/>
						<line hits="1" number="768"/>
						<line hits="1" number="771"/>
						<line hits="1" number="772"/>
						<line hits="1" number="773"/>
						<line hits="1" number="774"/>
						<line hits="1" number="777"/>
						<line hits="1" number="778"/>
						<line hits="1" number="779"/>
						<line hits="1" number="780"/>
						<line hits="1" number="789"/>
						<line hits="1" number="790"/>
						<line hits="1" number="799"/>
						<line hits="1" number="800"/>
						<line hits="1" number="805"/>
						<line hits="1" number="806"/>
						<line hits="1" number="814"/>
						<line hits="1" number="815"/>
						<line hits="1" number="827"/>
						<line hits="1" number="828"/>
						<line hits="1" number="829"/>
						<line hits="1" number="830"/>
						<line hits="1" number="831"/>
						<line hits="1" number="832"/>
						<line hits="1" number="833"/>
						<line hits="1" number="834"/>
						<line hits="1" number="835"/>
						<line hits="1" number="836"/>
						<line hits="1" number="837"/>
						<line hits="1" number="838"/>
						<line hits="1" number="839"/>
						<line hits="1" number="840"/>
						<line hits="1" number="852"/>
						<line hits="1" number="853"/>
						<line hits="1" number="860"/>
						<line hits="1" number="861"/>
						<line hits="1" number="862"/>
						<line hits="1" number="863"/>
						<line hits="1" number="866"/>
						<line hits="1" number="867"/>
						<line hits="1" number="873"/>
						<line hits="1" number="874"/>
						<line hits="1" number="875"/>
						<line hits="1" number="878"/>
						<line hits="1" number="879"/>
						<line hits="1" number="889"/>
						<line hits="1" number="890"/>
						<line hits="1" number="911"/>
						<line hits="1" number="912"/>
						<line hits="1" number="933"/>
						<line hits="1" number="941"/>
						<line hits="1" number="957"/>
						<line hits="1" number="958"/>
						<line hits="1" number="970"/>
						<line hits="1" number="974"/>
						<line hits="1" number="975"/>
						<line hits="1" number="976"/>
						<line hits="1" number="977"/>
						<line hits="1" number="978"/>
						<line hits="1" number="981"/>
						<line hits="1" number="982"/>
						<line hits="1" number="988"/>
						<line hits="1" number="994"/>
						<line hits="1" number="995"/>
						<line hits="1" number="1002"/>
						<line hits="1" number="1003"/>
						<line hits="1" number="1010"/>
						<line hits="1" number="1011"/>
						<line hits="1" number="1020"/>
						<line hits="0" number="1023"/>
						<line hits="0" number="1024"/>
						<line hits="0" number="1025"/>
						<line hits="0" number="1027"/>
						<line hits="0" number="1028"/>
						<line hits="0" number="1030"/>
						<line hits="0" number="1031"/>
						<line hits="0" number="1033"/>
						<line hits="0" number="1034"/>
						<line hits="0" number="1036"/>
						<line hits="0" number="1037"/>
						<line branch="true" condition-coverage="0% (0/2)" hits="0" missing-branches="exit,1040" number="1039"/>
						<line branch="true" condition-coverage="0% (0/2)" hits="0" missing-branches="exit,1041" number="1040"/>
						<line hits="0" number="1041"/>
						<line hits="0" number="1043"/>
						<line hits="0" number="1044"/>
						<line hits="0" number="1056"/>
						<line hits="1" number="1059"/>
						<line hits="1" number="1060"/>
						<line hits="1" number="1067"/>
						<line hits="1" number="1068"/>
						<line hits="1" number="1078"/>
						<line hits="1" number="1080"/>
						<line hits="1" number="1081"/>
						<line hits="1" number="1087"/>
						<line hits="1" number="1088"/>
						<line hits="1" number="1091"/>
						<line hits="1" number="1097"/>
						<line hits="1" number="1098"/>
						<line hits="1" number="1101"/>
						<line hits="1" number="1102"/>
						<line hits="1" number="1109"/>
						<line hits="1" number="1110"/>
						<line hits="1" number="1111"/>
						<line hits="1" number="1114"/>
						<line hits="1" number="1115"/>
						<line hits="1" number="1122"/>
						<line hits="1" number="1123"/>
						<line hits="1" number="1126"/>
						<line hits="1" number="1127"/>
						<line hits="1" number="1133"/>
						<line hits="1" number="1134"/>
						<line hits="1" number="1139"/>
						<line hits="1" number="1140"/>
						<line hits="1" number="1149"/>
						<line hits="1" number="1150"/>
						<line hits="1" number="1155"/>
						<line hits="1" number="1156"/>
						<line hits="1" number="1164"/>
						<line hits="1" number="1165"/>
						<line hits="1" number="1166"/>
					</lines>
				</class>
				<class branch-rate="0.7" complexity="0" filename="test_assertrewrite.py" line-rate="0.824" name="test_assertrewrite.py">
					<methods/>
					<lines>
						<line hits="1" number="1"/>
						<line hits="1" number="3"/>
						<line hits="1" number="4"/>
						<line hits="1" number="5"/>
						<line hits="1" number="6"/>
						<line hits="1" number="7"/>
						<line hits="1" number="8"/>
						<line hits="1" number="9"/>
						<line hits="1" number="10"/>
						<line hits="1" number="11"/>
						<line hits="1" number="12"/>
						<line hits="1" number="14"/>
						<line hits="1" number="15"/>
						<line hits="1" number="16"/>
						<line hits="1" number="21"/>
						<line hits="1" number="23"/>
						<line branch="true" condition-coverage="50% (1/2)" hits="1" missing-branches="26" number="24"/>
						<line hits="0" number="26"/>
						<line hits="1" number="29"/>
						<line hits="1" number="30"/>
						<line hits="1" number="31"/>
						<line hits="1" number="34"/>
						<line hits="1" number="35"/>
						<line hits="1" number="36"/>
						<line hits="1" number="39"/>
						<line hits="1" number="40"/>
						<line hits="1" number="41"/>
						<line hits="1" number="42"/>
						<line hits="1" number="45"/>
						<line hits="1" number="47"/>
						<line hits="1" number="48"/>
						<line hits="1" number="49"/>
						<line hits="1" number="50"/>
						<line branch="true" condition-coverage="100% (2/2)" hits="1" number="51"/>
						<line hits="1" number="52"/>
						<line hits="1" number="53"/>
						<line hits="1" number="54"/>
						<line hits="1" number="55"/>
						<line hits="1" number="56"/>
						<line hits="1" number="57"/>
						<line branch="true" condition-coverage="50% (1/2)" hits="1" missing-branches="59" number="58"/>
						<line hits="0" number="59"/>
						<line hits="1" number="60"/>
						<line branch="true" condition-coverage="100% (2/2)" hits="1" number="61"/>
						<line hits="1" number="62"/>
						<line hits="1" number="63"/>
						<line branch="true" condition-coverage="50% (1/2)" hits="1" missing-branches="66" number="65"/>
						<line hits="0" number="66"/>
						<line hits="1" number="69"/>
						<line branch="true" condition-coverage="50% (1/2)" hits="1" missing-branches="exit" number="82"/>
						<line hits="1" number="85"/>
						<line hits="1" number="86"/>
						<line hits="1" number="87"/>
						<line hits="1" number="88"/>
						<line hits="1" number="91"/>
						<line hits="1" number="92"/>
						<line hits="1" number="93"/>
						<line hits="1" number="94"/>
						<line hits="1" number="95"/>
						<line branch="true" condition-coverage="100% (2/2)" hits="1" number="96"/>
						<line hits="1" number="97"/>
						<line hits="1" number="98"/>
						<line hits="1" number="99"/>
						<line hits="1" number="100"/>
						<line hits="1" number="101"/>
						<line hits="1" number="102"/>
						<line hits="1" number="103"/>
						<line branch="true" condition-coverage="100% (2/2)" hits="1" number="104"/>
						<line hits="1" number="105"/>
						<line hits="1" number="106"/>
						<line hits="1" number="107"/>
						<line hits="1" number="108"/>
						<line hits="1" number="109"/>
						<line hits="1" number="110"/>
						<line hits="1" number="111"/>
						<line hits="1" number="112"/>
						<line branch="true" condition-coverage="100% (2/2)" hits="1" number="113"/>
						<line hits="1" number="114"/>
						<line hits="1" number="115"/>
						<line hits="1" number="116"/>
						<line hits="1" number="117"/>
						<line hits="1" number="118"/>
						<line hits="1" number="119"/>
						<line hits="1" number="120"/>
						<line branch="true" condition-coverage="100% (2/2)" hits="1" number="121"/>
						<line hits="1" number="122"/>
						<line hits="1" number="123"/>
						<line hits="1" number="124"/>
						<line hits="1" number="125"/>
						<line hits="1" number="126"/>
						<line hits="1" number="127"/>
						<line branch="true" condition-coverage="100% (2/2)" hits="1" number="128"/>
						<line hits="1" number="129"/>
						<line hits="1" number="130"/>
						<line hits="1" number="131"/>
						<line hits="1" number="132"/>
						<line hits="1" number="134"/>
						<line hits="1" number="135"/>
						<line hits="1" number="136"/>
						<line hits="1" number="137"/>
						<line hits="1" number="138"/>
						<line hits="1" number="139"/>
						<line hits="1" number="141"/>
						<line hits="1" number="142"/>
						<line hits="1" number="147"/>
						<line hits="1" number="148"/>
						<line hits="1" number="149"/>
						<line hits="1" number="151"/>
						<line hits="1" number="152"/>
						<line hits="0" number="153"/>
						<line hits="1" number="155"/>
						<line hits="1" number="157"/>
						<line hits="0" number="158"/>
						<line hits="0" number="159"/>
						<line hits="1" number="161"/>
						<line hits="1" number="163"/>
						<line hits="0" number="164"/>
						<line hits="1" number="166"/>
						<line hits="1" number="168"/>
						<line hits="0" number="169"/>
						<line hits="1" number="171"/>
						<line hits="1" number="173"/>
						<line hits="0" number="174"/>
						<line hits="1" number="176"/>
						<line hits="1" number="177"/>
						<line hits="1" number="179"/>
						<line hits="1" number="181"/>
						<line hits="1" number="182"/>
						<line hits="0" number="183"/>
						<line hits="1" number="185"/>
						<line hits="1" number="187"/>
						<line hits="1" number="188"/>
						<line hits="1" number="194"/>
						<line hits="1" number="195"/>
						<line hits="1" number="196"/>
						<line hits="1" number="200"/>
						<line hits="1" number="201"/>
						<line hits="1" number="207"/>
						<line hits="1" number="208"/>
						<line hits="1" number="209"/>
						<line hits="1" number="213"/>
						<line hits="1" number="214"/>
						<line hits="1" number="220"/>
						<line hits="1" number="221"/>
						<line hits="1" number="222"/>
						<line hits="1" number="226"/>
						<line hits="1" number="227"/>
						<line hits="1" number="233"/>
						<line hits="1" number="234"/>
						<line hits="1" number="235"/>
						<line hits="1" number="237"/>
						<line hits="1" number="238"/>
						<line hits="1" number="244"/>
						<line hits="1" number="245"/>
						<line hits="1" number="246"/>
						<line hits="1" number="250"/>
						<line hits="1" number="254"/>
						<line hits="1" number="255"/>
						<line hits="1" number="256"/>
						<line hits="1" number="257"/>
						<line hits="1" number="259"/>
						<line hits="1" number="260"/>
						<line hits="0" number="261"/>
						<line hits="0" number="262"/>
						<line hits="1" number="264"/>
						<line hits="1" number="266"/>
						<line hits="0" number="267"/>
						<line hits="0" number="268"/>
						<line hits="0" number="269"/>
						<line hits="1" number="271"/>
						<line hits="1" number="273"/>
						<line hits="0" number="274"/>
						<line hits="0" number="275"/>
						<line hits="0" number="276"/>
						<line hits="1" number="278"/>
						<line hits="1" number="280"/>
						<line hits="0" number="281"/>
						<line hits="0" number="282"/>
						<line hits="1" number="284"/>
						<line hits="1" number="286"/>
						<line hits="0" number="287"/>
						<line hits="0" number="288"/>
						<line hits="1" number="290"/>
						<line hits="1" number="292"/>
						<line hits="1" number="293"/>
						<line hits="1" number="295"/>
						<line hits="0" number="296"/>
						<line hits="1" number="298"/>
						<line hits="1" number="304"/>
						<line hits="0" number="305"/>
						<line hits="1" number="307"/>
						<line hits="1" number="313"/>
						<line hits="0" number="314"/>
						<line hits="1" number="316"/>
						<line hits="1" number="318"/>
						<line hits="0" number="319"/>
						<line hits="0" number="320"/>
						<line hits="0" number="321"/>
						<line hits="1" number="323"/>
						<line hits="1" number="325"/>
						<line hits="0" number="326"/>
						<line hits="0" number="327"/>
						<line hits="0" number="328"/>
						<line hits="1" number="330"/>
						<line hits="1" number="332"/>
						<line branch="true" condition-coverage="0% (0/2)" hits="0" missing-branches="exit,334" number="333"/>
						<line hits="0" number="334"/>
						<line hits="1" number="336"/>
						<line hits="1" number="338"/>
						<line hits="1" number="339"/>
						<line hits="0" number="340"/>
						<line hits="1" number="342"/>
						<line hits="1" number="344"/>
						<line hits="0" number="345"/>
						<line hits="0" number="346"/>
						<line hits="1" number="348"/>
						<line hits="1" number="350"/>
						<line hits="1" number="351"/>
						<line hits="0" number="352"/>
						<line hits="0" number="353"/>
						<line hits="1" number="355"/>
						<line hits="1" number="357"/>
						<line hits="0" number="358"/>
						<line hits="0" number="359"/>
						<line hits="1" number="361"/>
						<line hits="1" number="363"/>
						<line hits="0" number="364"/>
						<line hits="0" number="365"/>
						<line hits="1" number="367"/>
						<line hits="1" number="369"/>
						<line hits="0" number="370"/>
						<line hits="0" number="371"/>
						<line hits="1" number="373"/>
						<line hits="1" number="375"/>
						<line hits="1" number="376"/>
						<line hits="0" number="377"/>
						<line hits="0" number="378"/>
						<line hits="0" number="379"/>
						<line hits="1" number="381"/>
						<line hits="1" number="383"/>
						<line hits="0" number="384"/>
						<line hits="1" number="386"/>
						<line hits="1" number="388"/>
						<line hits="1" number="389"/>
						<line hits="0" number="390"/>
						<line hits="1" number="392"/>
						<line hits="1" number="394"/>
						<line hits="0" number="395"/>
						<line hits="1" number="397"/>
						<line hits="1" number="399"/>
						<line hits="1" number="401"/>
						<line hits="1" number="412"/>
						<line hits="1" number="414"/>
						<line hits="1" number="415"/>
						<line hits="1" number="416"/>
						<line hits="1" number="418"/>
						<line hits="1" number="420"/>
						<line hits="0" number="421"/>
						<line hits="1" number="423"/>
						<line hits="1" number="429"/>
						<line hits="0" number="430"/>
						<line hits="1" number="432"/>
						<line hits="1" number="438"/>
						<line hits="0" number="439"/>
						<line hits="1" number="441"/>
						<line hits="1" number="447"/>
						<line hits="0" number="448"/>
						<line hits="1" number="450"/>
						<line hits="1" number="456"/>
						<line hits="0" number="457"/>
						<line hits="1" number="459"/>
						<line hits="1" number="465"/>
						<line hits="0" number="466"/>
						<line hits="0" number="467"/>
						<line hits="1" number="469"/>
						<line hits="1" number="475"/>
						<line hits="0" number="476"/>
						<line hits="0" number="477"/>
						<line hits="1" number="479"/>
						<line hits="1" number="485"/>
						<line hits="1" number="486"/>
						<line hits="1" number="487"/>
						<line hits="1" number="489"/>
						<line hits="1" number="491"/>
						<line hits="0" number="492"/>
						<line hits="1" number="494"/>
						<line hits="1" number="500"/>
						<line hits="0" number="501"/>
						<line hits="0" number="502"/>
						<line hits="1" number="504"/>
						<line hits="1" number="510"/>
						<line hits="1" number="511"/>
						<line hits="0" number="512"/>
						<line hits="0" number="513"/>
						<line hits="1" number="515"/>
						<line hits="1" number="517"/>
						<line hits="0" number="518"/>
						<line hits="0" number="519"/>
						<line hits="1" number="521"/>
						<line hits="1" number="523"/>
						<line hits="0" number="524"/>
						<line hits="0" number="525"/>
						<line hits="1" number="527"/>
						<line hits="1" number="529"/>
						<line hits="0" number="530"/>
						<line hits="0" number="531"/>
						<line hits="1" number="533"/>
						<line hits="1" number="535"/>
						<line hits="0" number="536"/>
						<line hits="0" number="537"/>
						<line hits="0" number="538"/>
						<line hits="1" number="540"/>
						<line hits="1" number="542"/>
						<line hits="1" number="543"/>
						<line hits="0" number="544"/>
						<line hits="0" number="545"/>
						<line hits="1" number="547"/>
						<line hits="1" number="552"/>
						<line hits="1" number="553"/>
						<line hits="1" number="554"/>
						<line hits="1" number="556"/>
						<line hits="1" number="558"/>
						<line hits="0" number="559"/>
						<line hits="1" number="561"/>
						<line hits="1" number="563"/>
						<line hits="1" number="564"/>
						<line hits="1" number="566"/>
						<line hits="1" number="568"/>
						<line hits="0" number="569"/>
						<line hits="1" number="571"/>
						<line hits="1" number="573"/>
						<line hits="1" number="574"/>
						<line hits="0" number="575"/>
						<line hits="0" number="576"/>
						<line hits="0" number="577"/>
						<line hits="0" number="579"/>
						<line hits="0" number="580"/>
						<line hits="0" number="582"/>
						<line hits="0" number="583"/>
						<line hits="0" number="585"/>
						<line hits="0" number="586"/>
						<line hits="0" number="588"/>
						<line hits="1" number="590"/>
						<line hits="1" number="592"/>
						<line hits="1" number="593"/>
						<line hits="0" number="594"/>
						<line hits="1" number="596"/>
						<line hits="1" number="598"/>
						<line hits="1" number="599"/>
						<line hits="0" number="600"/>
						<line hits="0" number="601"/>
						<line hits="0" number="603"/>
						<line hits="0" number="604"/>
						<line hits="0" number="606"/>
						<line hits="0" number="607"/>
						<line hits="1" number="609"/>
						<line hits="1" number="612"/>
						<line hits="1" number="613"/>
						<line hits="1" number="614"/>
						<line hits="1" number="615"/>
						<line hits="1" number="620"/>
						<line hits="1" number="622"/>
						<line hits="1" number="623"/>
						<line hits="1" number="624"/>
						<line hits="1" number="625"/>
						<line hits="1" number="626"/>
						<line hits="1" number="631"/>
						<line hits="1" number="632"/>
						<line hits="1" number="634"/>
						<line hits="1" number="636"/>
						<line hits="1" number="637"/>
						<line hits="1" number="638"/>
						<line hits="1" number="639"/>
						<line hits="1" number="640"/>
						<line hits="1" number="641"/>
						<line hits="1" number="642"/>
						<line hits="1" number="644"/>
						<line hits="1" number="645"/>
						<line hits="1" number="646"/>
						<line hits="1" number="653"/>
						<line hits="1" number="655"/>
						<line hits="1" number="656"/>
						<line hits="1" number="657"/>
						<line hits="1" number="664"/>
						<line hits="1" number="665"/>
						<line hits="1" number="666"/>
						<line hits="1" number="667"/>
						<line hits="1" number="669"/>
						<line hits="1" number="671"/>
						<line hits="1" number="672"/>
						<line hits="1" number="680"/>
						<line hits="1" number="681"/>
						<line hits="1" number="683"/>
						<line branch="true" condition-coverage="50% (1/2)" hits="1" missing-branches="685" number="684"/>
						<line hits="0" number="685"/>
						<line hits="1" number="687"/>
						<line hits="1" number="694"/>
						<line hits="1" number="699"/>
						<line hits="1" number="700"/>
						<line branch="true" condition-coverage="50% (1/2)" hits="1" missing-branches="710" number="705"/>
						<line hits="1" number="706"/>
						<line hits="1" number="707"/>
						<line hits="1" number="708"/>
						<line hits="1" number="710"/>
						<line hits="1" number="712"/>
						<line hits="1" number="714"/>
						<line hits="1" number="721"/>
						<line hits="1" number="724"/>
						<line hits="1" number="725"/>
						<line hits="1" number="726"/>
						<line hits="1" number="727"/>
						<line hits="1" number="728"/>
						<line hits="1" number="729"/>
						<line hits="1" number="730"/>
						<line hits="1" number="731"/>
						<line hits="1" number="732"/>
						<line hits="1" number="733"/>
						<line hits="1" number="735"/>
						<line hits="1" number="736"/>
						<line hits="1" number="737"/>
						<line hits="1" number="738"/>
						<line hits="1" number="739"/>
						<line hits="1" number="744"/>
						<line hits="1" number="746"/>
						<line hits="1" number="747"/>
						<line hits="1" number="748"/>
						<line hits="1" number="749"/>
						<line hits="1" number="750"/>
						<line hits="1" number="752"/>
						<line hits="1" number="757"/>
						<line hits="1" number="758"/>
						<line hits="1" number="759"/>
						<line hits="1" number="760"/>
						<line hits="1" number="762"/>
						<line hits="1" number="763"/>
						<line hits="1" number="770"/>
						<line hits="1" number="771"/>
						<line hits="1" number="773"/>
						<line hits="1" number="774"/>
						<line hits="1" number="779"/>
						<line hits="1" number="785"/>
						<line hits="1" number="787"/>
						<line hits="1" number="792"/>
						<line hits="1" number="793"/>
						<line hits="1" number="794"/>
						<line hits="1" number="795"/>
						<line branch="true" condition-coverage="50% (1/2)" hits="1" missing-branches="exit" number="796"/>
						<line hits="1" number="797"/>
						<line hits="1" number="798"/>
						<line hits="1" number="799"/>
						<line hits="1" number="800"/>
						<line hits="1" number="801"/>
						<line hits="1" number="803"/>
						<line hits="1" number="804"/>
						<line hits="1" number="813"/>
						<line hits="1" number="814"/>
						<line hits="1" number="815"/>
						<line hits="1" number="816"/>
						<line hits="1" number="818"/>
						<line hits="1" number="819"/>
						<line hits="1" number="820"/>
						<line hits="1" number="831"/>
						<line hits="1" number="832"/>
						<line hits="1" number="833"/>
						<line hits="1" number="834"/>
						<line hits="1" number="836"/>
						<line hits="0" number="846"/>
						<line hits="0" number="853"/>
						<line hits="0" number="854"/>
						<line hits="1" number="857"/>
						<line hits="1" number="858"/>
						<line hits="1" number="859"/>
						<line hits="1" number="865"/>
						<line hits="1" number="866"/>
						<line hits="1" number="868"/>
						<line hits="1" number="869"/>
						<line hits="1" number="881"/>
						<line hits="1" number="882"/>
						<line hits="1" number="883"/>
						<line hits="1" number="885"/>
						<line hits="1" number="886"/>
						<line hits="0" number="888"/>
						<line hits="0" number="889"/>
						<line hits="0" number="890"/>
						<line hits="0" number="891"/>
						<line hits="0" number="892"/>
						<line hits="1" number="894"/>
						<line hits="0" number="896"/>
						<line hits="0" number="903"/>
						<line hits="1" number="905"/>
						<line hits="0" number="907"/>
						<line hits="0" number="914"/>
						<line hits="1" number="916"/>
						<line hits="0" number="918"/>
						<line hits="0" number="925"/>
						<line hits="1" number="927"/>
						<line hits="1" number="928"/>
						<line hits="1" number="933"/>
						<line hits="1" number="935"/>
						<line hits="1" number="936"/>
						<line hits="1" number="937"/>
						<line hits="1" number="938"/>
						<line hits="1" number="939"/>
						<line hits="1" number="941"/>
						<line hits="1" number="942"/>
						<line hits="1" number="943"/>
						<line hits="1" number="944"/>
						<line hits="1" number="945"/>
						<line hits="1" number="947"/>
						<line hits="1" number="948"/>
						<line hits="1" number="949"/>
						<line hits="1" number="950"/>
						<line hits="1" number="951"/>
						<line hits="0" number="952"/>
						<line hits="1" number="954"/>
						<line hits="1" number="955"/>
						<line hits="1" number="957"/>
						<line hits="1" number="964"/>
						<line hits="1" number="966"/>
						<line hits="1" number="967"/>
						<line hits="1" number="981"/>
						<line hits="1" number="982"/>
						<line hits="1" number="984"/>
						<line hits="1" number="985"/>
						<line hits="1" number="987"/>
						<line hits="1" number="993"/>
						<line hits="1" number="994"/>
						<line hits="1" number="996"/>
						<line hits="1" number="997"/>
						<line hits="1" number="999"/>
						<line hits="1" number="1000"/>
						<line hits="1" number="1002"/>
						<line hits="1" number="1003"/>
						<line hits="1" number="1004"/>
						<line hits="1" number="1005"/>
						<line hits="1" number="1007"/>
						<line hits="1" number="1009"/>
						<line hits="1" number="1011"/>
						<line hits="1" number="1012"/>
						<line hits="1" number="1021"/>
						<line hits="1" number="1034"/>
						<line hits="1" number="1035"/>
						<line hits="1" number="1037"/>
						<line hits="1" number="1040"/>
						<line hits="1" number="1041"/>
						<line hits="1" number="1052"/>
						<line hits="1" number="1053"/>
						<line hits="1" number="1054"/>
						<line hits="1" number="1057"/>
						<line hits="1" number="1058"/>
						<line hits="1" number="1072"/>
						<line hits="1" number="1073"/>
						<line hits="1" number="1076"/>
						<line hits="1" number="1077"/>
						<line hits="1" number="1078"/>
						<line hits="1" number="1084"/>
						<line hits="1" number="1085"/>
						<line hits="1" number="1087"/>
						<line hits="1" number="1088"/>
						<line hits="1" number="1094"/>
						<line hits="1" number="1095"/>
						<line hits="1" number="1097"/>
						<line hits="1" number="1098"/>
						<line hits="1" number="1104"/>
						<line hits="1" number="1105"/>
						<line hits="1" number="1108"/>
						<line hits="1" number="1109"/>
						<line hits="1" number="1110"/>
						<line hits="1" number="1118"/>
						<line hits="1" number="1124"/>
						<line hits="1" number="1125"/>
						<line hits="1" number="1128"/>
						<line hits="1" number="1132"/>
						<line hits="1" number="1134"/>
						<line hits="1" number="1135"/>
						<line hits="1" number="1136"/>
						<line hits="1" number="1138"/>
						<line hits="1" number="1140"/>
						<line hits="1" number="1142"/>
						<line hits="1" number="1144"/>
						<line hits="1" number="1146"/>
						<line hits="1" number="1147"/>
						<line hits="1" number="1149"/>
						<line hits="1" number="1150"/>
						<line hits="1" number="1152"/>
						<line hits="1" number="1153"/>
						<line hits="1" number="1154"/>
						<line hits="1" number="1157"/>
						<line hits="1" number="1158"/>
						<line hits="1" number="1163"/>
						<line hits="1" number="1165"/>
						<line hits="1" number="1166"/>
						<line hits="1" number="1168"/>
						<line hits="1" number="1169"/>
						<line hits="1" number="1171"/>
						<line hits="1" number="1172"/>
						<line hits="1" number="1174"/>
						<line hits="1" number="1175"/>
						<line hits="1" number="1176"/>
						<line hits="1" number="1178"/>
						<line hits="1" number="1180"/>
						<line hits="1" number="1181"/>
						<line hits="1" number="1182"/>
						<line hits="1" number="1183"/>
						<line hits="1" number="1184"/>
						<line hits="1" number="1186"/>
						<line hits="1" number="1191"/>
						<line hits="1" number="1198"/>
						<line hits="1" number="1199"/>
						<line hits="1" number="1200"/>
						<line hits="1" number="1201"/>
						<line hits="1" number="1204"/>
						<line hits="1" number="1205"/>
						<line hits="1" number="1208"/>
						<line hits="1" number="1209"/>
						<line hits="1" number="1212"/>
						<line hits="1" number="1213"/>
						<line hits="1" number="1216"/>
						<line hits="1" number="1217"/>
						<line hits="1" number="1219"/>
						<line hits="1" number="1223"/>
						<line hits="1" number="1231"/>
						<line hits="1" number="1232"/>
						<line hits="1" number="1233"/>
						<line hits="1" number="1234"/>
					</lines>
				</class>
				<class branch-rate="0.875" complexity="0" filename="test_cacheprovider.py" line-rate="1" name="test_cacheprovider.py">
					<methods/>
					<lines>
						<line hits="1" number="1"/>
						<line hits="1" number="3"/>
						<line hits="1" number="4"/>
						<line hits="1" number="6"/>
						<line hits="1" number="7"/>
						<line hits="1" number="8"/>
						<line hits="1" number="9"/>
						<line hits="1" number="11"/>
						<line hits="1" number="14"/>
						<line hits="1" number="15"/>
						<line hits="1" number="16"/>
						<line hits="1" number="17"/>
						<line hits="1" number="18"/>
						<line hits="1" number="19"/>
						<line hits="1" number="21"/>
						<line hits="1" number="22"/>
						<line hits="1" number="24"/>
						<line hits="1" number="25"/>
						<line hits="1" number="26"/>
						<line hits="1" number="27"/>
						<line branch="true" condition-coverage="100% (2/2)" hits="1" number="28"/>
						<line hits="1" number="29"/>
						<line hits="1" number="30"/>
						<line hits="1" number="31"/>
						<line hits="1" number="32"/>
						<line hits="1" number="34"/>
						<line hits="1" number="36"/>
						<line hits="1" number="37"/>
						<line hits="1" number="38"/>
						<line hits="1" number="39"/>
						<line hits="1" number="40"/>
						<line hits="1" number="42"/>
						<line hits="1" number="43"/>
						<line hits="1" number="47"/>
						<line hits="1" number="48"/>
						<line hits="1" number="49"/>
						<line hits="1" number="50"/>
						<line hits="1" number="51"/>
						<line hits="1" number="53"/>
						<line hits="1" number="54"/>
						<line hits="1" number="56"/>
						<line hits="1" number="57"/>
						<line hits="1" number="64"/>
						<line hits="1" number="65"/>
						<line hits="1" number="66"/>
						<line hits="1" number="68"/>
						<line hits="1" number="69"/>
						<line hits="1" number="76"/>
						<line hits="1" number="82"/>
						<line hits="1" number="83"/>
						<line hits="1" number="84"/>
						<line hits="1" number="86"/>
						<line hits="1" number="87"/>
						<line hits="1" number="99"/>
						<line hits="1" number="100"/>
						<line hits="1" number="101"/>
						<line hits="1" number="103"/>
						<line hits="1" number="104"/>
						<line hits="1" number="105"/>
						<line hits="1" number="113"/>
						<line hits="1" number="114"/>
						<line hits="1" number="115"/>
						<line hits="1" number="117"/>
						<line hits="1" number="118"/>
						<line hits="1" number="119"/>
						<line hits="1" number="120"/>
						<line hits="1" number="128"/>
						<line hits="1" number="129"/>
						<line hits="1" number="130"/>
						<line hits="1" number="132"/>
						<line hits="1" number="133"/>
						<line hits="1" number="134"/>
						<line hits="1" number="142"/>
						<line hits="1" number="143"/>
						<line hits="1" number="144"/>
						<line hits="1" number="147"/>
						<line hits="1" number="148"/>
						<line hits="1" number="154"/>
						<line hits="1" number="155"/>
						<line hits="1" number="158"/>
						<line hits="1" number="159"/>
						<line hits="1" number="163"/>
						<line hits="1" number="169"/>
						<line hits="1" number="178"/>
						<line hits="1" number="179"/>
						<line hits="1" number="184"/>
						<line hits="1" number="185"/>
						<line hits="1" number="186"/>
						<line hits="1" number="187"/>
						<line hits="1" number="188"/>
						<line hits="1" number="198"/>
						<line hits="1" number="199"/>
						<line hits="1" number="200"/>
						<line hits="1" number="201"/>
						<line hits="1" number="216"/>
						<line hits="1" number="217"/>
						<line hits="1" number="218"/>
						<line hits="1" number="219"/>
						<line hits="1" number="229"/>
						<line hits="1" number="230"/>
						<line hits="1" number="231"/>
						<line hits="1" number="245"/>
						<line hits="1" number="246"/>
						<line hits="1" number="247"/>
						<line hits="1" number="248"/>
						<line hits="1" number="249"/>
						<line hits="1" number="250"/>
						<line branch="true" condition-coverage="50% (1/2)" hits="1" missing-branches="255" number="253"/>
						<line hits="1" number="254"/>
						<line hits="1" number="255"/>
						<line hits="1" number="256"/>
						<line hits="1" number="258"/>
						<line hits="1" number="259"/>
						<line hits="1" number="267"/>
						<line hits="1" number="275"/>
						<line hits="1" number="277"/>
						<line hits="1" number="278"/>
						<line hits="1" number="280"/>
						<line hits="1" number="282"/>
						<line hits="1" number="283"/>
						<line hits="1" number="295"/>
						<line hits="1" number="297"/>
						<line hits="1" number="298"/>
						<line hits="1" number="300"/>
						<line hits="1" number="301"/>
						<line hits="1" number="303"/>
						<line hits="1" number="304"/>
						<line hits="1" number="305"/>
						<line hits="1" number="317"/>
						<line hits="1" number="318"/>
						<line hits="1" number="320"/>
						<line hits="1" number="321"/>
						<line hits="1" number="322"/>
						<line hits="1" number="323"/>
						<line hits="1" number="324"/>
						<line hits="1" number="332"/>
						<line hits="1" number="333"/>
						<line hits="1" number="334"/>
						<line hits="1" number="335"/>
						<line hits="1" number="337"/>
						<line hits="1" number="338"/>
						<line hits="1" number="339"/>
						<line hits="1" number="345"/>
						<line hits="1" number="346"/>
						<line hits="1" number="354"/>
						<line hits="1" number="355"/>
						<line hits="1" number="356"/>
						<line hits="1" number="357"/>
						<line hits="1" number="358"/>
						<line hits="1" number="359"/>
						<line hits="1" number="361"/>
						<line hits="1" number="362"/>
						<line hits="1" number="370"/>
						<line hits="1" number="371"/>
						<line hits="1" number="372"/>
						<line hits="1" number="374"/>
						<line hits="1" number="378"/>
						<line hits="1" number="389"/>
						<line hits="1" number="390"/>
						<line hits="1" number="392"/>
						<line hits="1" number="393"/>
						<line hits="1" number="401"/>
						<line hits="1" number="409"/>
						<line hits="1" number="410"/>
						<line hits="1" number="412"/>
						<line hits="1" number="413"/>
						<line hits="1" number="421"/>
						<line hits="1" number="422"/>
						<line hits="1" number="424"/>
						<line hits="1" number="425"/>
						<line hits="1" number="433"/>
						<line hits="1" number="434"/>
						<line hits="1" number="442"/>
						<line hits="1" number="443"/>
						<line hits="1" number="451"/>
						<line hits="1" number="452"/>
						<line hits="1" number="454"/>
						<line hits="1" number="455"/>
						<line hits="1" number="463"/>
						<line hits="1" number="465"/>
						<line hits="1" number="476"/>
						<line hits="1" number="477"/>
						<line hits="1" number="478"/>
						<line hits="1" number="480"/>
						<line hits="1" number="481"/>
						<line hits="1" number="482"/>
						<line hits="1" number="483"/>
						<line hits="1" number="485"/>
						<line hits="1" number="486"/>
						<line hits="1" number="488"/>
						<line hits="1" number="489"/>
						<line hits="1" number="491"/>
						<line hits="1" number="492"/>
						<line hits="1" number="494"/>
						<line hits="1" number="496"/>
						<line hits="1" number="507"/>
						<line hits="1" number="521"/>
						<line hits="1" number="522"/>
						<line hits="1" number="523"/>
						<line hits="1" number="525"/>
						<line hits="1" number="526"/>
						<line hits="1" number="527"/>
						<line hits="1" number="528"/>
						<line hits="1" number="530"/>
						<line hits="1" number="531"/>
						<line hits="1" number="532"/>
						<line hits="1" number="534"/>
						<line hits="1" number="535"/>
						<line hits="1" number="537"/>
						<line hits="1" number="538"/>
						<line hits="1" number="543"/>
						<line hits="1" number="544"/>
						<line hits="1" number="545"/>
						<line hits="1" number="547"/>
						<line hits="1" number="549"/>
						<line hits="1" number="550"/>
						<line hits="1" number="551"/>
						<line hits="1" number="553"/>
						<line hits="1" number="554"/>
						<line hits="1" number="555"/>
						<line hits="1" number="557"/>
						<line hits="1" number="558"/>
						<line hits="1" number="559"/>
						<line hits="1" number="561"/>
						<line hits="1" number="562"/>
						<line hits="1" number="570"/>
						<line hits="1" number="571"/>
						<line hits="1" number="572"/>
						<line hits="1" number="574"/>
						<line hits="1" number="575"/>
						<line hits="1" number="583"/>
						<line hits="1" number="584"/>
						<line hits="1" number="585"/>
						<line hits="1" number="589"/>
						<line hits="1" number="591"/>
						<line hits="1" number="598"/>
						<line hits="1" number="599"/>
						<line hits="1" number="602"/>
						<line hits="1" number="604"/>
						<line hits="1" number="614"/>
						<line hits="1" number="615"/>
						<line hits="1" number="616"/>
						<line hits="1" number="617"/>
						<line hits="1" number="619"/>
						<line hits="1" number="620"/>
						<line hits="1" number="623"/>
						<line hits="1" number="624"/>
						<line branch="true" condition-coverage="100% (2/2)" hits="1" number="625"/>
						<line hits="1" number="626"/>
						<line hits="1" number="627"/>
						<line hits="1" number="628"/>
						<line hits="1" number="630"/>
						<line branch="true" condition-coverage="100% (2/2)" hits="1" number="631"/>
						<line hits="1" number="632"/>
						<line hits="1" number="634"/>
						<line hits="1" number="636"/>
						<line hits="1" number="637"/>
						<line hits="1" number="638"/>
						<line hits="1" number="640"/>
						<line hits="1" number="645"/>
						<line hits="1" number="653"/>
						<line hits="1" number="661"/>
						<line hits="1" number="662"/>
						<line hits="1" number="668"/>
						<line hits="1" number="676"/>
						<line hits="1" number="677"/>
						<line hits="1" number="679"/>
						<line hits="1" number="681"/>
						<line hits="1" number="682"/>
						<line hits="1" number="683"/>
						<line hits="1" number="686"/>
						<line hits="1" number="694"/>
						<line hits="1" number="695"/>
						<line hits="1" number="696"/>
						<line hits="1" number="698"/>
						<line hits="1" number="699"/>
						<line hits="1" number="700"/>
						<line hits="1" number="702"/>
						<line hits="1" number="703"/>
						<line hits="1" number="711"/>
						<line hits="1" number="712"/>
						<line hits="1" number="713"/>
						<line hits="1" number="714"/>
						<line hits="1" number="715"/>
						<line hits="1" number="716"/>
						<line hits="1" number="717"/>
						<line hits="1" number="718"/>
						<line hits="1" number="720"/>
						<line hits="1" number="721"/>
						<line hits="1" number="729"/>
						<line hits="1" number="730"/>
						<line hits="1" number="731"/>
						<line hits="1" number="732"/>
						<line hits="1" number="733"/>
						<line hits="1" number="734"/>
						<line hits="1" number="737"/>
						<line hits="1" number="738"/>
						<line hits="1" number="739"/>
						<line hits="1" number="754"/>
						<line hits="1" number="756"/>
						<line hits="1" number="757"/>
						<line hits="1" number="768"/>
						<line hits="1" number="770"/>
						<line hits="1" number="781"/>
						<line hits="1" number="787"/>
						<line hits="1" number="789"/>
						<line hits="1" number="791"/>
						<line hits="1" number="803"/>
						<line hits="1" number="804"/>
						<line hits="1" number="819"/>
						<line hits="1" number="821"/>
						<line hits="1" number="822"/>
						<line hits="1" number="831"/>
						<line hits="1" number="833"/>
						<line hits="1" number="842"/>
						<line hits="1" number="847"/>
						<line hits="1" number="849"/>
						<line hits="1" number="851"/>
						<line hits="1" number="862"/>
						<line hits="1" number="863"/>
						<line hits="1" number="864"/>
						<line hits="1" number="865"/>
						<line hits="1" number="866"/>
						<line hits="1" number="868"/>
						<line hits="1" number="869"/>
						<line hits="1" number="875"/>
						<line hits="1" number="876"/>
						<line hits="1" number="878"/>
						<line hits="1" number="879"/>
						<line hits="1" number="885"/>
						<line hits="1" number="886"/>
						<line hits="1" number="889"/>
						<line hits="1" number="891"/>
						<line hits="1" number="893"/>
						<line hits="1" number="894"/>
						<line hits="1" number="895"/>
						<line hits="1" number="896"/>
						<line hits="1" number="897"/>
					</lines>
				</class>
				<class branch-rate="0.8684" complexity="0" filename="test_capture.py" line-rate="0.9577" name="test_capture.py">
					<methods/>
					<lines>
						<line hits="1" number="2"/>
						<line hits="1" number="6"/>
						<line hits="1" number="7"/>
						<line hits="1" number="8"/>
						<line hits="1" number="9"/>
						<line hits="1" number="10"/>
						<line hits="1" number="12"/>
						<line hits="1" number="13"/>
						<line hits="1" number="14"/>
						<line hits="1" number="15"/>
						<line hits="1" number="16"/>
						<line hits="1" number="17"/>
						<line hits="1" number="18"/>
						<line hits="1" number="21"/>
[...]
						<line hits="1" number="493"/>
						<line hits="1" number="495"/>
						<line hits="1" number="506"/>
						<line hits="1" number="521"/>
						<line hits="1" number="522"/>
						<line hits="1" number="524"/>
						<line hits="1" number="526"/>
						<line hits="0" number="527"/>
						<line hits="1" number="529"/>
						<line hits="1" number="530"/>
						<line hits="1" number="531"/>
						<line hits="1" number="533"/>
						<line hits="1" number="540"/>
						<line hits="1" number="549"/>
						<line hits="1" number="550"/>
						<line hits="1" number="552"/>
						<line hits="1" number="554"/>
						<line hits="1" number="569"/>
						<line hits="1" number="570"/>
						<line hits="1" number="572"/>
						<line hits="1" number="574"/>
						<line hits="1" number="586"/>
						<line hits="1" number="587"/>
						<line hits="1" number="589"/>
						<line hits="1" number="591"/>
						<line hits="1" number="603"/>
						<line hits="1" number="604"/>
						<line hits="1" number="606"/>
						<line hits="1" number="608"/>
						<line hits="1" number="620"/>
						<line hits="1" number="621"/>
						<line hits="1" number="623"/>
						<line hits="1" number="626"/>
						<line hits="1" number="635"/>
						<line hits="1" number="636"/>
						<line hits="1" number="640"/>
						<line hits="1" number="641"/>
						<line hits="0" number="642"/>
						<line hits="1" number="644"/>
						<line hits="1" number="645"/>
						<line hits="1" number="646"/>
						<line hits="1" number="647"/>
						<line hits="1" number="648"/>
						<line hits="1" number="649"/>
						<line hits="1" number="650"/>
						<line hits="1" number="651"/>
						<line hits="1" number="652"/>
						<line hits="1" number="654"/>
						<line hits="1" number="655"/>
						<line hits="1" number="670"/>
						<line hits="1" number="671"/>
						<line hits="1" number="675"/>
						<line branch="true" condition-coverage="50% (1/2)" hits="1" missing-branches="exit" number="676"/>
						<line hits="1" number="677"/>
						<line hits="1" number="678"/>
						<line hits="1" number="679"/>
						<line hits="1" number="680"/>
						<line hits="1" number="681"/>
						<line hits="1" number="682"/>
						<line hits="1" number="684"/>
						<line branch="true" condition-coverage="50% (1/2)" hits="1" missing-branches="exit" number="685"/>
						<line hits="1" number="686"/>
						<line hits="1" number="687"/>
						<line hits="1" number="688"/>
						<line hits="1" number="689"/>
						<line hits="1" number="690"/>
						<line hits="1" number="692"/>
						<line branch="true" condition-coverage="50% (1/2)" hits="1" missing-branches="exit" number="693"/>
						<line hits="1" number="694"/>
						<line hits="1" number="695"/>
						<line hits="1" number="696"/>
						<line hits="1" number="697"/>
						<line hits="1" number="698"/>
						<line hits="1" number="699"/>
						<line hits="1" number="701"/>
						<line hits="1" number="702"/>
						<line hits="1" number="714"/>
						<line hits="1" number="715"/>
						<line hits="1" number="716"/>
						<line hits="1" number="718"/>
						<line hits="1" number="719"/>
						<line hits="1" number="727"/>
						<line hits="1" number="728"/>
						<line hits="1" number="730"/>
						<line hits="1" number="731"/>
						<line hits="1" number="758"/>
						<line hits="1" number="759"/>
						<line hits="1" number="760"/>
						<line hits="1" number="772"/>
						<line hits="1" number="773"/>
						<line hits="0" number="774"/>
						<line hits="1" number="776"/>
						<line hits="1" number="778"/>
						<line hits="0" number="779"/>
						<line hits="1" number="781"/>
						<line hits="1" number="783"/>
						<line hits="0" number="784"/>
						<line hits="1" number="786"/>
						<line hits="1" number="788"/>
						<line hits="0" number="789"/>
						<line hits="1" number="791"/>
						<line hits="1" number="794"/>
						<line hits="1" number="795"/>
						<line hits="1" number="796"/>
						<line hits="1" number="823"/>
						<line hits="1" number="824"/>
						<line hits="1" number="826"/>
						<line hits="1" number="827"/>
						<line hits="1" number="834"/>
						<line hits="1" number="844"/>
						<line hits="1" number="845"/>
						<line hits="1" number="849"/>
						<line hits="1" number="850"/>
						<line hits="1" number="867"/>
						<line hits="1" number="868"/>
						<line hits="1" number="877"/>
						<line hits="1" number="878"/>
						<line hits="1" number="888"/>
						<line hits="1" number="889"/>
						<line hits="1" number="891"/>
						<line hits="1" number="892"/>
						<line hits="1" number="899"/>
						<line hits="1" number="917"/>
						<line hits="1" number="918"/>
						<line hits="1" number="926"/>
						<line hits="1" number="927"/>
						<line hits="1" number="937"/>
						<line hits="1" number="938"/>
						<line hits="1" number="940"/>
						<line hits="1" number="941"/>
						<line hits="1" number="953"/>
						<line hits="1" number="954"/>
						<line hits="1" number="958"/>
						<line hits="1" number="959"/>
						<line hits="1" number="971"/>
						<line hits="1" number="972"/>
						<line hits="1" number="974"/>
						<line hits="1" number="975"/>
						<line hits="1" number="984"/>
						<line hits="1" number="985"/>
						<line hits="1" number="989"/>
						<line hits="1" number="990"/>
						<line hits="1" number="1010"/>
						<line hits="1" number="1011"/>
						<line hits="1" number="1013"/>
						<line hits="1" number="1014"/>
						<line hits="1" number="1033"/>
						<line hits="1" number="1034"/>
						<line hits="1" number="1036"/>
						<line hits="1" number="1037"/>
						<line hits="1" number="1043"/>
						<line hits="1" number="1054"/>
						<line hits="1" number="1055"/>
						<line hits="1" number="1056"/>
						<line hits="1" number="1060"/>
						<line hits="1" number="1061"/>
						<line hits="1" number="1072"/>
						<line hits="1" number="1073"/>
						<line hits="1" number="1080"/>
						<line hits="1" number="1081"/>
						<line hits="1" number="1092"/>
						<line hits="1" number="1093"/>
						<line hits="1" number="1094"/>
						<line hits="1" number="1102"/>
						<line hits="1" number="1104"/>
						<line hits="1" number="1116"/>
						<line hits="1" number="1117"/>
						<line hits="1" number="1119"/>
						<line hits="1" number="1121"/>
						<line hits="1" number="1130"/>
						<line hits="1" number="1131"/>
						<line hits="1" number="1133"/>
						<line hits="1" number="1135"/>
						<line hits="1" number="1144"/>
						<line hits="1" number="1145"/>
						<line hits="1" number="1149"/>
						<line hits="1" number="1150"/>
						<line hits="1" number="1161"/>
						<line hits="1" number="1162"/>
						<line hits="1" number="1163"/>
						<line hits="1" number="1167"/>
						<line hits="1" number="1169"/>
						<line hits="1" number="1190"/>
						<line hits="1" number="1191"/>
						<line hits="1" number="1193"/>
						<line hits="1" number="1194"/>
						<line hits="1" number="1208"/>
						<line hits="1" number="1209"/>
						<line hits="1" number="1211"/>
						<line hits="1" number="1212"/>
						<line hits="1" number="1224"/>
						<line hits="1" number="1225"/>
						<line hits="1" number="1227"/>
						<line hits="1" number="1228"/>
						<line hits="1" number="1229"/>
						<line hits="1" number="1230"/>
						<line hits="1" number="1238"/>
						<line hits="1" number="1246"/>
						<line hits="1" number="1247"/>
						<line hits="1" number="1248"/>
						<line hits="1" number="1249"/>
						<line hits="1" number="1251"/>
						<line hits="1" number="1252"/>
						<line hits="1" number="1266"/>
						<line hits="1" number="1267"/>
						<line hits="1" number="1269"/>
						<line hits="1" number="1270"/>
						<line hits="1" number="1272"/>
						<line hits="1" number="1283"/>
						<line hits="1" number="1284"/>
						<line hits="1" number="1285"/>
						<line hits="1" number="1286"/>
						<line hits="1" number="1289"/>
						<line hits="1" number="1292"/>
						<line hits="1" number="1297"/>
						<line hits="1" number="1298"/>
						<line hits="1" number="1316"/>
						<line hits="1" number="1317"/>
						<line hits="1" number="1319"/>
						<line hits="1" number="1320"/>
						<line hits="1" number="1339"/>
						<line hits="1" number="1340"/>
						<line hits="1" number="1342"/>
						<line hits="1" number="1343"/>
						<line hits="1" number="1356"/>
						<line hits="1" number="1357"/>
						<line hits="1" number="1359"/>
						<line hits="1" number="1360"/>
						<line hits="1" number="1383"/>
						<line hits="1" number="1384"/>
						<line hits="1" number="1386"/>
						<line hits="1" number="1387"/>
						<line hits="1" number="1415"/>
						<line hits="1" number="1416"/>
						<line hits="1" number="1417"/>
						<line hits="1" number="1418"/>
						<line branch="true" condition-coverage="100% (2/2)" hits="1" number="1421"/>
						<line hits="1" number="1422"/>
						<line hits="1" number="1423"/>
						<line hits="1" number="1424"/>
						<line hits="1" number="1425"/>
						<line hits="1" number="1437"/>
						<line hits="1" number="1438"/>
						<line branch="true" condition-coverage="100% (2/2)" hits="1" number="1439"/>
						<line hits="1" number="1440"/>
						<line hits="1" number="1441"/>
						<line hits="1" number="1442"/>
						<line hits="1" number="1443"/>
						<line hits="1" number="1445"/>
						<line hits="1" number="1446"/>
						<line hits="1" number="1457"/>
						<line hits="1" number="1458"/>
						<line hits="1" number="1459"/>
						<line hits="1" number="1460"/>
						<line hits="1" number="1461"/>
						<line hits="1" number="1462"/>
						<line hits="1" number="1464"/>
						<line hits="1" number="1466"/>
						<line hits="1" number="1478"/>
						<line hits="1" number="1479"/>
						<line branch="true" condition-coverage="50% (1/2)" hits="1" missing-branches="exit" number="1480"/>
						<line hits="1" number="1481"/>
						<line hits="1" number="1482"/>
						<line hits="1" number="1483"/>
						<line hits="1" number="1485"/>
						<line hits="1" number="1486"/>
						<line hits="1" number="1497"/>
						<line hits="1" number="1498"/>
						<line hits="1" number="1500"/>
						<line hits="1" number="1502"/>
						<line hits="1" number="1503"/>
						<line hits="1" number="1514"/>
						<line hits="1" number="1515"/>
						<line hits="1" number="1516"/>
						<line hits="1" number="1518"/>
						<line hits="1" number="1519"/>
						<line hits="1" number="1530"/>
						<line hits="1" number="1531"/>
						<line hits="1" number="1532"/>
						<line hits="1" number="1534"/>
						<line hits="1" number="1535"/>
						<line hits="1" number="1546"/>
						<line hits="1" number="1547"/>
						<line hits="1" number="1548"/>
						<line hits="1" number="1550"/>
						<line hits="1" number="1551"/>
						<line hits="1" number="1562"/>
						<line hits="1" number="1563"/>
						<line hits="1" number="1564"/>
						<line hits="1" number="1566"/>
						<line hits="1" number="1568"/>
						<line hits="1" number="1581"/>
						<line hits="1" number="1582"/>
						<line hits="1" number="1583"/>
						<line hits="1" number="1584"/>
						<line hits="1" number="1586"/>
						<line hits="1" number="1587"/>
						<line hits="1" number="1605"/>
						<line hits="1" number="1606"/>
						<line hits="1" number="1607"/>
						<line hits="1" number="1609"/>
						<line hits="1" number="1611"/>
						<line hits="1" number="1624"/>
						<line hits="1" number="1625"/>
						<line hits="1" number="1627"/>
						<line hits="1" number="1629"/>
						<line hits="1" number="1647"/>
						<line hits="1" number="1648"/>
						<line hits="1" number="1649"/>
						<line hits="1" number="1650"/>
						<line hits="1" number="1652"/>
						<line hits="1" number="1653"/>
						<line hits="1" number="1659"/>
						<line hits="1" number="1668"/>
						<line hits="1" number="1669"/>
						<line hits="1" number="1671"/>
						<line hits="1" number="1672"/>
						<line hits="1" number="1678"/>
						<line hits="1" number="1691"/>
						<line hits="1" number="1692"/>
					</lines>
				</class>
				<class branch-rate="0.9" complexity="0" filename="python/raises.py" line-rate="0.94" name="raises.py">
					<methods/>
					<lines>
						<line hits="1" number="1"/>
						<line hits="1" number="2"/>
						<line hits="1" number="3"/>
						<line hits="1" number="6"/>
						<line hits="1" number="7"/>
						<line hits="1" number="8"/>
						<line hits="1" number="9"/>
						<line hits="1" number="10"/>
						<line hits="1" number="11"/>
						<line hits="1" number="12"/>
						<line hits="1" number="14"/>
						<line hits="1" number="15"/>
						<line hits="1" number="17"/>
						<line hits="1" number="18"/>
						<line hits="1" number="20"/>
						<line hits="1" number="21"/>
						<line hits="1" number="23"/>
						<line hits="1" number="24"/>
						<line hits="1" number="25"/>
						<line hits="1" number="26"/>
						<line hits="1" number="28"/>
						<line hits="1" number="29"/>
						<line hits="1" number="30"/>
						<line hits="1" number="31"/>
						<line hits="1" number="33"/>
						<line hits="1" number="34"/>
						<line hits="1" number="58"/>
						<line hits="1" number="59"/>
						<line hits="1" number="61"/>
						<line hits="1" number="62"/>
						<line branch="true" condition-coverage="50% (1/2)" hits="1" missing-branches="exit" number="63"/>
						<line hits="1" number="65"/>
						<line hits="1" number="66"/>
						<line hits="1" number="67"/>
						<line hits="0" number="68"/>
						<line hits="1" number="70"/>
						<line hits="1" number="71"/>
						<line hits="1" number="72"/>
						<line hits="1" number="74"/>
						<line hits="1" number="75"/>
						<line hits="1" number="76"/>
						<line hits="1" number="77"/>
						<line hits="1" number="78"/>
						<line hits="0" number="80"/>
						<line hits="1" number="82"/>
						<line hits="1" number="83"/>
						<line hits="1" number="84"/>
						<line hits="1" number="85"/>
						<line hits="1" number="86"/>
						<line hits="0" number="88"/>
						<line hits="1" number="90"/>
						<line hits="1" number="91"/>
						<line hits="1" number="92"/>
						<line hits="1" number="93"/>
						<line hits="1" number="94"/>
						<line hits="1" number="95"/>
						<line hits="1" number="96"/>
						<line hits="0" number="98"/>
						<line hits="1" number="100"/>
						<line hits="1" number="105"/>
						<line hits="1" number="107"/>
						<line hits="1" number="108"/>
						<line hits="1" number="109"/>
						<line hits="1" number="111"/>
						<line branch="true" condition-coverage="100% (2/2)" hits="1" number="112"/>
						<line hits="1" number="113"/>
						<line hits="1" number="115"/>
						<line hits="1" number="116"/>
						<line hits="1" number="119"/>
						<line hits="1" number="121"/>
						<line branch="true" condition-coverage="100% (2/2)" hits="1" number="124"/>
						<line hits="1" number="125"/>
						<line hits="1" number="127"/>
						<line hits="1" number="128"/>
						<line hits="1" number="129"/>
						<line hits="1" number="130"/>
						<line hits="1" number="132"/>
						<line hits="1" number="133"/>
						<line hits="1" number="134"/>
						<line hits="1" number="136"/>
						<line hits="1" number="137"/>
						<line hits="1" number="140"/>
						<line hits="1" number="141"/>
						<line hits="1" number="142"/>
						<line hits="1" number="144"/>
						<line hits="1" number="150"/>
						<line hits="1" number="151"/>
						<line hits="1" number="152"/>
						<line hits="1" number="154"/>
						<line hits="1" number="155"/>
						<line hits="1" number="157"/>
						<line hits="1" number="158"/>
						<line hits="0" number="159"/>
						<line hits="1" number="161"/>
						<line hits="0" number="162"/>
						<line branch="true" condition-coverage="100% (2/2)" hits="1" number="164"/>
						<line hits="1" number="165"/>
						<line hits="1" number="166"/>
						<line hits="1" number="168"/>
						<line branch="true" condition-coverage="100% (2/2)" hits="1" number="171"/>
					</lines>
				</class>
				<class branch-rate="1" complexity="0" filename="python/setup_only.py" line-rate="1" name="setup_only.py">
					<methods/>
					<lines>
						<line hits="1" number="1"/>
						<line hits="1" number="4"/>
						<line hits="1" number="6"/>
						<line hits="1" number="9"/>
						<line hits="1" number="10"/>
						<line hits="1" number="24"/>
						<line hits="1" number="25"/>
						<line hits="1" number="27"/>
						<line hits="1" number="30"/>
						<line hits="1" number="33"/>
						<line hits="1" number="34"/>
						<line hits="1" number="48"/>
						<line hits="1" number="49"/>
						<line hits="1" number="51"/>
						<line hits="1" number="62"/>
						<line hits="1" number="63"/>
						<line hits="1" number="71"/>
						<line hits="1" number="82"/>
						<line hits="1" number="83"/>
						<line hits="1" number="85"/>
						<line hits="1" number="96"/>
						<line hits="1" number="97"/>
						<line hits="1" number="111"/>
						<line hits="1" number="112"/>
						<line hits="1" number="114"/>
						<line hits="1" number="123"/>
						<line hits="1" number="124"/>
						<line hits="1" number="132"/>
						<line hits="1" number="143"/>
						<line hits="1" number="144"/>
						<line hits="1" number="146"/>
						<line hits="1" number="156"/>
						<line hits="1" number="157"/>
						<line hits="1" number="166"/>
						<line hits="1" number="177"/>
						<line hits="1" number="178"/>
						<line hits="1" number="180"/>
						<line hits="1" number="185"/>
						<line hits="1" number="186"/>
						<line hits="1" number="197"/>
						<line hits="1" number="198"/>
						<line hits="1" number="200"/>
						<line hits="1" number="203"/>
						<line hits="1" number="204"/>
						<line hits="1" number="218"/>
						<line hits="1" number="219"/>
						<line hits="1" number="221"/>
						<line hits="1" number="229"/>
						<line hits="1" number="230"/>
						<line hits="1" number="245"/>
						<line hits="1" number="246"/>
						<line hits="1" number="251"/>
						<line hits="1" number="253"/>
						<line hits="1" number="264"/>
						<line hits="1" number="265"/>
						<line hits="1" number="267"/>
					</lines>
				</class>
				<class branch-rate="1" complexity="0" filename="python/setup_plan.py" line-rate="1" name="setup_plan.py">
					<methods/>
					<lines>
						<line hits="1" number="1"/>
						<line hits="1" number="3"/>
						<line hits="1" number="14"/>
						<line hits="1" number="15"/>
						<line hits="1" number="17"/>
					</lines>
				</class>
				<class branch-rate="1" complexity="0" filename="python/show_fixtures_per_test.py" line-rate="1" name="show_fixtures_per_test.py">
					<methods/>
					<lines>
						<line hits="1" number="4"/>
						<line hits="1" number="5"/>
						<line hits="1" number="6"/>
						<line hits="1" number="7"/>
						<line hits="1" number="10"/>
						<line hits="1" number="11"/>
						<line hits="1" number="25"/>
						<line hits="1" number="26"/>
						<line hits="1" number="28"/>
						<line hits="1" number="36"/>
						<line hits="1" number="39"/>
						<line hits="1" number="40"/>
						<line hits="1" number="56"/>
						<line hits="1" number="64"/>
						<line hits="1" number="65"/>
						<line hits="1" number="67"/>
						<line hits="1" number="86"/>
						<line hits="1" number="87"/>
						<line hits="1" number="98"/>
						<line hits="1" number="108"/>
						<line hits="1" number="109"/>
						<line hits="1" number="111"/>
						<line hits="1" number="123"/>
						<line hits="1" number="124"/>
						<line hits="1" number="135"/>
						<line hits="1" number="145"/>
						<line hits="1" number="146"/>
						<line hits="1" number="148"/>
						<line hits="1" number="162"/>
						<line hits="1" number="163"/>
						<line hits="1" number="172"/>
						<line hits="1" number="178"/>
						<line hits="1" number="181"/>
						<line hits="1" number="183"/>
					</lines>
				</class>
			</classes>
		</package>
	</packages>
</coverage>